[0.016s] Invoking command in '/home/hh/ros_ws/src/mynav/build/mynav': CMAKE_PREFIX_PATH=/opt/ros/foxy /usr/bin/cmake /home/hh/ros_ws/src/mynav -DCMAKE_INSTALL_PREFIX=/home/hh/ros_ws/src/mynav/install
[0.296s] -- Found ament_cmake: 0.9.9 (/opt/ros/foxy/share/ament_cmake/cmake)
[0.392s] -- Using PYTHON_EXECUTABLE: /usr/bin/python3
[0.905s] -- Found nav2_msgs: 0.4.7 (/opt/ros/foxy/share/nav2_msgs/cmake)
[1.077s] -- Using all available rosidl_typesupport_c: rosidl_typesupport_fastrtps_c;rosidl_typesupport_introspection_c
[1.114s] -- Found rosidl_adapter: 1.2.1 (/opt/ros/foxy/share/rosidl_adapter/cmake)
[1.488s] -- Using all available rosidl_typesupport_cpp: rosidl_typesupport_fastrtps_cpp;rosidl_typesupport_introspection_cpp
[2.240s] -- Found rclcpp: 2.4.0 (/opt/ros/foxy/share/rclcpp/cmake)
[2.431s] -- Found rmw_implementation_cmake: 1.0.3 (/opt/ros/foxy/share/rmw_implementation_cmake/cmake)
[2.444s] -- Using RMW implementation 'rmw_fastrtps_cpp' as default
[2.749s] -- Found rclcpp_action: 2.4.0 (/opt/ros/foxy/share/rclcpp_action/cmake)
[2.839s] -- Found rclcpp_components: 2.4.0 (/opt/ros/foxy/share/rclcpp_components/cmake)
[2.958s] -- Found ament_lint_auto: 0.9.6 (/opt/ros/foxy/share/ament_lint_auto/cmake)
[3.233s] -- Added test 'copyright' to check source files copyright and LICENSE
[3.576s] -- Added test 'cppcheck' to perform static code analysis on C / C++ code
[3.577s] -- Configured cppcheck include dirs: 
[3.577s] -- Configured cppcheck exclude dirs and/or files: 
[3.612s] -- Added test 'cpplint' to check C / C++ code against the Google style
[3.612s] -- Configured cpplint exclude dirs and/or files: 
[3.616s] -- Added test 'flake8' to check Python code syntax and style conventions
[3.625s] -- Added test 'lint_cmake' to check CMake code style
[3.629s] -- Added test 'pep257' to check Python code against some of the style conventions in PEP 257
[3.660s] -- Added test 'uncrustify' to check C / C++ code style
[3.660s] -- Configured uncrustify additional arguments: 
[3.664s] -- Added test 'xmllint' to check XML markup files
[3.669s] -- Configuring done
[3.757s] -- Generating done
[3.760s] -- Build files have been written to: /home/hh/ros_ws/src/mynav/build/mynav
[3.769s] Invoked command in '/home/hh/ros_ws/src/mynav/build/mynav' returned '0': CMAKE_PREFIX_PATH=/opt/ros/foxy /usr/bin/cmake /home/hh/ros_ws/src/mynav -DCMAKE_INSTALL_PREFIX=/home/hh/ros_ws/src/mynav/install
[3.772s] Invoking command in '/home/hh/ros_ws/src/mynav/build/mynav': CMAKE_PREFIX_PATH=/opt/ros/foxy /usr/bin/cmake --build /home/hh/ros_ws/src/mynav/build/mynav -- -j8 -l8
[3.854s] [ 50%] [32mBuilding CXX object CMakeFiles/action_client.dir/src/main.cpp.o[0m
[7.340s] In file included from [01m[K/usr/include/x86_64-linux-gnu/c++/9/bits/c++allocator.h:33[m[K,
[7.340s]                  from [01m[K/usr/include/c++/9/bits/allocator.h:46[m[K,
[7.341s]                  from [01m[K/usr/include/c++/9/string:41[m[K,
[7.341s]                  from [01m[K/usr/include/c++/9/stdexcept:39[m[K,
[7.341s]                  from [01m[K/usr/include/c++/9/array:39[m[K,
[7.341s]                  from [01m[K/usr/include/c++/9/tuple:39[m[K,
[7.341s]                  from [01m[K/usr/include/c++/9/functional:54[m[K,
[7.341s]                  from [01m[K/home/hh/ros_ws/src/mynav/src/main.cpp:1[m[K:
[7.341s] /usr/include/c++/9/ext/new_allocator.h: In instantiation of â€˜[01m[Kvoid __gnu_cxx::new_allocator<_Tp>::construct(_Up*, _Args&& ...) [with _Up = NavigationToPose; _Args = {NavigationToPose*}; _Tp = NavigationToPose][m[Kâ€™:
[7.341s] [01m[K/usr/include/c++/9/bits/alloc_traits.h:482:2:[m[K   required from â€˜[01m[Kstatic void std::allocator_traits<std::allocator<_CharT> >::construct(std::allocator_traits<std::allocator<_CharT> >::allocator_type&, _Up*, _Args&& ...) [with _Up = NavigationToPose; _Args = {NavigationToPose*}; _Tp = NavigationToPose; std::allocator_traits<std::allocator<_CharT> >::allocator_type = std::allocator<NavigationToPose>][m[Kâ€™
[7.341s] [01m[K/usr/include/c++/9/bits/shared_ptr_base.h:548:39:[m[K   required from â€˜[01m[Kstd::_Sp_counted_ptr_inplace<_Tp, _Alloc, _Lp>::_Sp_counted_ptr_inplace(_Alloc, _Args&& ...) [with _Args = {NavigationToPose*}; _Tp = NavigationToPose; _Alloc = std::allocator<NavigationToPose>; __gnu_cxx::_Lock_policy _Lp = __gnu_cxx::_S_atomic][m[Kâ€™
[7.341s] [01m[K/usr/include/c++/9/bits/shared_ptr_base.h:679:16:[m[K   required from â€˜[01m[Kstd::__shared_count<_Lp>::__shared_count(_Tp*&, std::_Sp_alloc_shared_tag<_Alloc>, _Args&& ...) [with _Tp = NavigationToPose; _Alloc = std::allocator<NavigationToPose>; _Args = {NavigationToPose*}; __gnu_cxx::_Lock_policy _Lp = __gnu_cxx::_S_atomic][m[Kâ€™
[7.342s] [01m[K/usr/include/c++/9/bits/shared_ptr_base.h:1344:71:[m[K   required from â€˜[01m[Kstd::__shared_ptr<_Tp, _Lp>::__shared_ptr(std::_Sp_alloc_shared_tag<_Tp>, _Args&& ...) [with _Alloc = std::allocator<NavigationToPose>; _Args = {NavigationToPose*}; _Tp = NavigationToPose; __gnu_cxx::_Lock_policy _Lp = __gnu_cxx::_S_atomic][m[Kâ€™
[7.342s] [01m[K/usr/include/c++/9/bits/shared_ptr.h:359:59:[m[K   required from â€˜[01m[Kstd::shared_ptr<_Tp>::shared_ptr(std::_Sp_alloc_shared_tag<_Tp>, _Args&& ...) [with _Alloc = std::allocator<NavigationToPose>; _Args = {NavigationToPose*}; _Tp = NavigationToPose][m[Kâ€™
[7.342s] [01m[K/usr/include/c++/9/bits/shared_ptr.h:701:14:[m[K   required from â€˜[01m[Kstd::shared_ptr<_Tp> std::allocate_shared(const _Alloc&, _Args&& ...) [with _Tp = NavigationToPose; _Alloc = std::allocator<NavigationToPose>; _Args = {NavigationToPose*}][m[Kâ€™
[7.342s] [01m[K/usr/include/c++/9/bits/shared_ptr.h:717:39:[m[K   required from â€˜[01m[Kstd::shared_ptr<_Tp> std::make_shared(_Args&& ...) [with _Tp = NavigationToPose; _Args = {NavigationToPose*}][m[Kâ€™
[7.342s] [01m[K/home/hh/ros_ws/src/mynav/src/main.cpp:109:83:[m[K   required from here
[7.342s] [01m[K/usr/include/c++/9/ext/new_allocator.h:145:20:[m[K [01;31m[Kerror: [m[Kno matching function for call to â€˜[01m[KNavigationToPose::NavigationToPose(NavigationToPose*)[m[Kâ€™
[7.342s]   145 |  noexcept(noexcept([01;31m[K::new((void *)__p)[m[K
[7.342s]       |                    [01;31m[K^~~~~~~~~~~~~~~~~~[m[K
[7.342s]   146 | [01;31m[K       _Up(std::forward<_Args>(__args)...)[m[K))
[7.343s]       |        [01;31m[K~~~~~~~~~~~~~~~~~~~~~~~~~~~~~~~~~~~[m[K
[7.343s] [01m[K/home/hh/ros_ws/src/mynav/src/main.cpp:78:5:[m[K [01;36m[Knote: [m[Kcandidate: â€˜[01m[KNavigationToPose::NavigationToPose(const rclcpp::NodeOptions&)[m[Kâ€™
[7.343s]    78 |     [01;36m[KNavigationToPose[m[K(const rclcpp::NodeOptions & options = rclcpp::NodeOptions())
[7.343s]       |     [01;36m[K^~~~~~~~~~~~~~~~[m[K
[7.343s] [01m[K/home/hh/ros_ws/src/mynav/src/main.cpp:78:50:[m[K [01;36m[Knote: [m[K  no known conversion for argument 1 from â€˜[01m[KNavigationToPose*[m[Kâ€™ to â€˜[01m[Kconst rclcpp::NodeOptions&[m[Kâ€™
[7.343s]    78 | vigationToPose([01;36m[Kconst rclcpp::NodeOptions & options = rclcpp::NodeOptions()[m[K)
[7.343s]       |                [01;36m[K~~~~~~~~~~~~~~~~~~~~~~~~~~~~^~~~~~~~~~~~~~~~~~~~~~~~~~~~~~~[m[K
[7.343s] 
[8.073s] make[2]: *** [CMakeFiles/action_client.dir/build.make:63ï¼šCMakeFiles/action_client.dir/src/main.cpp.o] é”™è¯¯ 1
[8.074s] make[1]: *** [CMakeFiles/Makefile2:78ï¼šCMakeFiles/action_client.dir/all] é”™è¯¯ 2
[8.074s] make: *** [Makefile:141ï¼šall] é”™è¯¯ 2
[8.077s] Invoked command in '/home/hh/ros_ws/src/mynav/build/mynav' returned '2': CMAKE_PREFIX_PATH=/opt/ros/foxy /usr/bin/cmake --build /home/hh/ros_ws/src/mynav/build/mynav -- -j8 -l8
